# JRE version: Java(TM) SE Runtime Environment (8.0_321-b07) (build 1.8.0_321-b07)
# Java VM: Java HotSpot(TM) 64-Bit Server VM (25.321-b07 mixed mode windows-amd64 compressed oops)
Heap:
 PSYoungGen      total 72192K, used 71680K [0x000000076bd00000, 0x000000078a900000, 0x00000007c0000000)
  eden space 71680K, 100% used [0x000000076bd00000,0x0000000770300000,0x0000000770300000)
  from space 512K, 0% used [0x000000078a800000,0x000000078a800000,0x000000078a880000)
  to   space 512K, 0% used [0x000000078a880000,0x000000078a880000,0x000000078a900000)
 ParOldGen       total 173568K, used 1706K [0x00000006c3600000, 0x00000006cdf80000, 0x000000076bd00000)
  object space 173568K, 0% used [0x00000006c3600000,0x00000006c37aa910,0x00000006cdf80000)
 Metaspace       used 4668K, capacity 4842K, committed 4992K, reserved 1056768K
  class space    used 506K, capacity 530K, committed 640K, reserved 1048576K
GC Heap History (10 events):
Event: 15.234 GC heap before
{Heap before GC invocations=135 (full 0):
 PSYoungGen      total 53760K, used 53280K [0x000000076bd00000, 0x000000078a900000, 0x00000007c0000000)
  eden space 53248K, 100% used [0x000000076bd00000,0x000000076f100000,0x000000076f100000)
  from space 512K, 6% used [0x000000078a880000,0x000000078a888000,0x000000078a900000)
  to   space 512K, 0% used [0x000000078a800000,0x000000078a800000,0x000000078a880000)
 ParOldGen       total 173568K, used 1690K [0x00000006c3600000, 0x00000006cdf80000, 0x000000076bd00000)
  object space 173568K, 0% used [0x00000006c3600000,0x00000006c37a6910,0x00000006cdf80000)
 Metaspace       used 4665K, capacity 4842K, committed 4992K, reserved 1056768K
  class space    used 506K, capacity 530K, committed 640K, reserved 1048576K
Event: 15.234 GC heap after
Heap after GC invocations=135 (full 0):
 PSYoungGen      total 64512K, used 0K [0x000000076bd00000, 0x000000078a900000, 0x00000007c0000000)
  eden space 64000K, 0% used [0x000000076bd00000,0x000000076bd00000,0x000000076fb80000)
  from space 512K, 0% used [0x000000078a800000,0x000000078a800000,0x000000078a880000)
  to   space 512K, 0% used [0x000000078a880000,0x000000078a880000,0x000000078a900000)
 ParOldGen       total 173568K, used 1698K [0x00000006c3600000, 0x00000006cdf80000, 0x000000076bd00000)
  object space 173568K, 0% used [0x00000006c3600000,0x00000006c37a8910,0x00000006cdf80000)
 Metaspace       used 4665K, capacity 4842K, committed 4992K, reserved 1056768K
  class space    used 506K, capacity 530K, committed 640K, reserved 1048576K
}
Event: 15.281 GC heap before
{Heap before GC invocations=136 (full 0):
 PSYoungGen      total 64512K, used 64000K [0x000000076bd00000, 0x000000078a900000, 0x00000007c0000000)
  eden space 64000K, 100% used [0x000000076bd00000,0x000000076fb80000,0x000000076fb80000)
  from space 512K, 0% used [0x000000078a800000,0x000000078a800000,0x000000078a880000)
  to   space 512K, 0% used [0x000000078a880000,0x000000078a880000,0x000000078a900000)
 ParOldGen       total 173568K, used 1698K [0x00000006c3600000, 0x00000006cdf80000, 0x000000076bd00000)
  object space 173568K, 0% used [0x00000006c3600000,0x00000006c37a8910,0x00000006cdf80000)
 Metaspace       used 4668K, capacity 4842K, committed 4992K, reserved 1056768K
  class space    used 506K, capacity 530K, committed 640K, reserved 1048576K
Event: 15.282 GC heap after
Heap after GC invocations=136 (full 0):
 PSYoungGen      total 77312K, used 32K [0x000000076bd00000, 0x000000078a900000, 0x00000007c0000000)
  eden space 76800K, 0% used [0x000000076bd00000,0x000000076bd00000,0x0000000770800000)
  from space 512K, 6% used [0x000000078a880000,0x000000078a888000,0x000000078a900000)
  to   space 512K, 0% used [0x000000078a800000,0x000000078a800000,0x000000078a880000)
 ParOldGen       total 173568K, used 1698K [0x00000006c3600000, 0x00000006cdf80000, 0x000000076bd00000)
  object space 173568K, 0% used [0x00000006c3600000,0x00000006c37a8910,0x00000006cdf80000)
 Metaspace       used 4668K, capacity 4842K, committed 4992K, reserved 1056768K
  class space    used 506K, capacity 530K, committed 640K, reserved 1048576K
}
Event: 15.349 GC heap before
{Heap before GC invocations=137 (full 0):
 PSYoungGen      total 77312K, used 76832K [0x000000076bd00000, 0x000000078a900000, 0x00000007c0000000)
  eden space 76800K, 100% used [0x000000076bd00000,0x0000000770800000,0x0000000770800000)
  from space 512K, 6% used [0x000000078a880000,0x000000078a888000,0x000000078a900000)
  to   space 512K, 0% used [0x000000078a800000,0x000000078a800000,0x000000078a880000)
 ParOldGen       total 173568K, used 1698K [0x00000006c3600000, 0x00000006cdf80000, 0x000000076bd00000)
  object space 173568K, 0% used [0x00000006c3600000,0x00000006c37a8910,0x00000006cdf80000)
 Metaspace       used 4668K, capacity 4842K, committed 4992K, reserved 1056768K
  class space    used 506K, capacity 530K, committed 640K, reserved 1048576K
Event: 15.350 GC heap after
Heap after GC invocations=137 (full 0):
 PSYoungGen      total 75264K, used 0K [0x000000076bd00000, 0x000000078a900000, 0x00000007c0000000)
  eden space 74752K, 0% used [0x000000076bd00000,0x000000076bd00000,0x0000000770600000)
  from space 512K, 0% used [0x000000078a800000,0x000000078a800000,0x000000078a880000)
  to   space 512K, 0% used [0x000000078a880000,0x000000078a880000,0x000000078a900000)
 ParOldGen       total 173568K, used 1706K [0x00000006c3600000, 0x00000006cdf80000, 0x000000076bd00000)
  object space 173568K, 0% used [0x00000006c3600000,0x00000006c37aa910,0x00000006cdf80000)
 Metaspace       used 4668K, capacity 4842K, committed 4992K, reserved 1056768K
  class space    used 506K, capacity 530K, committed 640K, reserved 1048576K
}
Event: 15.416 GC heap before
{Heap before GC invocations=138 (full 0):
 PSYoungGen      total 75264K, used 74752K [0x000000076bd00000, 0x000000078a900000, 0x00000007c0000000)
  eden space 74752K, 100% used [0x000000076bd00000,0x0000000770600000,0x0000000770600000)
  from space 512K, 0% used [0x000000078a800000,0x000000078a800000,0x000000078a880000)
  to   space 512K, 0% used [0x000000078a880000,0x000000078a880000,0x000000078a900000)
 ParOldGen       total 173568K, used 1706K [0x00000006c3600000, 0x00000006cdf80000, 0x000000076bd00000)
  object space 173568K, 0% used [0x00000006c3600000,0x00000006c37aa910,0x00000006cdf80000)
 Metaspace       used 4668K, capacity 4842K, committed 4992K, reserved 1056768K
  class space    used 506K, capacity 530K, committed 640K, reserved 1048576K
Event: 15.417 GC heap after
Heap after GC invocations=138 (full 0):
 PSYoungGen      total 73728K, used 0K [0x000000076bd00000, 0x000000078a900000, 0x00000007c0000000)
  eden space 73216K, 0% used [0x000000076bd00000,0x000000076bd00000,0x0000000770480000)
  from space 512K, 0% used [0x000000078a880000,0x000000078a880000,0x000000078a900000)
  to   space 512K, 0% used [0x000000078a800000,0x000000078a800000,0x000000078a880000)
 ParOldGen       total 173568K, used 1706K [0x00000006c3600000, 0x00000006cdf80000, 0x000000076bd00000)
  object space 173568K, 0% used [0x00000006c3600000,0x00000006c37aa910,0x00000006cdf80000)
 Metaspace       used 4668K, capacity 4842K, committed 4992K, reserved 1056768K
  class space    used 506K, capacity 530K, committed 640K, reserved 1048576K
}
Event: 15.483 GC heap before
{Heap before GC invocations=139 (full 0):
 PSYoungGen      total 73728K, used 73216K [0x000000076bd00000, 0x000000078a900000, 0x00000007c0000000)
  eden space 73216K, 100% used [0x000000076bd00000,0x0000000770480000,0x0000000770480000)
  from space 512K, 0% used [0x000000078a880000,0x000000078a880000,0x000000078a900000)
  to   space 512K, 0% used [0x000000078a800000,0x000000078a800000,0x000000078a880000)
 ParOldGen       total 173568K, used 1706K [0x00000006c3600000, 0x00000006cdf80000, 0x000000076bd00000)
  object space 173568K, 0% used [0x00000006c3600000,0x00000006c37aa910,0x00000006cdf80000)
 Metaspace       used 4668K, capacity 4842K, committed 4992K, reserved 1056768K
  class space    used 506K, capacity 530K, committed 640K, reserved 1048576K
Event: 15.483 GC heap after
Heap after GC invocations=139 (full 0):
 PSYoungGen      total 72192K, used 0K [0x000000076bd00000, 0x000000078a900000, 0x00000007c0000000)
  eden space 71680K, 0% used [0x000000076bd00000,0x000000076bd00000,0x0000000770300000)
  from space 512K, 0% used [0x000000078a800000,0x000000078a800000,0x000000078a880000)
  to   space 512K, 0% used [0x000000078a880000,0x000000078a880000,0x000000078a900000)
 ParOldGen       total 173568K, used 1706K [0x00000006c3600000, 0x00000006cdf80000, 0x000000076bd00000)
  object space 173568K, 0% used [0x00000006c3600000,0x00000006c37aa910,0x00000006cdf80000)
 Metaspace       used 4668K, capacity 4842K, committed 4992K, reserved 1056768K
  class space    used 506K, capacity 530K, committed 640K, reserved 1048576K
}

